Построение начато 25.04.2015 22:17:46.
     1>Проект "D:\cppdx_projects\Gravity_modelling\Gravity_modelling\Gravity_modelling.vcxproj" в узле 2 (целевые объекты build).
     1>InitializeBuildStatus:
         Создание "Debug\Gravity_modelling.unsuccessfulbuild", так как было задано "AlwaysCreate".
       ClCompile:
         C:\Program Files\Microsoft Visual Studio 10.0\VC\bin\CL.exe /c /ZI /nologo /W3 /WX- /Od /Oy- /D WIN32 /D _DEBUG /D _WINDOWS /D _UNICODE /D UNICODE /Gm /EHsc /RTC1 /MDd /GS /fp:precise /Zc:wchar_t /Zc:forScope /Fo"Debug\\" /Fd"Debug\vc100.pdb" /Gd /TP /analyze- /errorReport:prompt main.cpp
         main.cpp
     1>d:\cppdx_projects\gravity_modelling\gravity_modelling\main.cpp(139): warning C4244: аргумент: преобразование "time_t" в "unsigned int", возможна потеря данных
     1>d:\cppdx_projects\gravity_modelling\gravity_modelling\main.cpp(194): warning C4244: инициализация: преобразование "int" в "float", возможна потеря данных
     1>d:\cppdx_projects\gravity_modelling\gravity_modelling\main.cpp(195): warning C4244: инициализация: преобразование "int" в "float", возможна потеря данных
     1>d:\cppdx_projects\gravity_modelling\gravity_modelling\main.cpp(196): warning C4244: инициализация: преобразование "int" в "float", возможна потеря данных
       ManifestResourceCompile:
         Для всех выходных данных обновления не требуется.
       Link:
         C:\Program Files\Microsoft Visual Studio 10.0\VC\bin\link.exe /ERRORREPORT:PROMPT /OUT:"D:\cppdx_projects\Gravity_modelling\Debug\Gravity_modelling.exe" /INCREMENTAL /NOLOGO kernel32.lib user32.lib gdi32.lib winspool.lib comdlg32.lib advapi32.lib shell32.lib ole32.lib oleaut32.lib uuid.lib odbc32.lib odbccp32.lib /MANIFEST /ManifestFile:"Debug\Gravity_modelling.exe.intermediate.manifest" /MANIFESTUAC:"level='asInvoker' uiAccess='false'" /DEBUG /PDB:"D:\cppdx_projects\Gravity_modelling\Debug\Gravity_modelling.pdb" /SUBSYSTEM:WINDOWS /TLBID:1 /DYNAMICBASE /NXCOMPAT /IMPLIB:"D:\cppdx_projects\Gravity_modelling\Debug\Gravity_modelling.lib" /MACHINE:X86 Debug\Gravity_modelling.exe.embed.manifest.res
         Debug\main.obj
         Debug\Physic_object.obj
         Debug\Render.obj
       Manifest:
         C:\Program Files\Microsoft SDKs\Windows\v7.0A\bin\mt.exe /nologo /verbose /out:"Debug\Gravity_modelling.exe.embed.manifest" /manifest Debug\Gravity_modelling.exe.intermediate.manifest
         Для всех выходных данных обновления не требуется.
       LinkEmbedManifest:
         Для всех выходных данных обновления не требуется.
         Gravity_modelling.vcxproj -> D:\cppdx_projects\Gravity_modelling\Debug\Gravity_modelling.exe
       FinalizeBuildStatus:
         Файл "Debug\Gravity_modelling.unsuccessfulbuild" удаляется.
         Обращение к "Debug\Gravity_modelling.lastbuildstate".
     1>Построение проекта "D:\cppdx_projects\Gravity_modelling\Gravity_modelling\Gravity_modelling.vcxproj" завершено (целевые объекты build).

Построение успешно завершено.

Затраченное время: 00:00:03.30
